<?xml version="1.0" encoding="UTF-8"?>
<!-- Generated by org.testng.reporters.JUnitReportReporter -->
<testsuite hostname="IBM-5F0MH24" failures="0" tests="1" name="Project.Test_2" time="40.886" errors="0" timestamp="2024-07-25T18:55:50 IST" skipped="0">
  <testcase classname="Project.Test_2" name="test_Varun" time="40.886"/>
</testsuite> <!-- Project.Test_2 -->
