<?xml version="1.0" encoding="UTF-8"?>
<!-- Generated by org.testng.reporters.JUnitReportReporter -->
<testsuite hostname="IBM-5F0MH24" failures="0" tests="1" name="Project.HomeStays" time="37.514" errors="0" timestamp="2024-07-24T10:03:59 IST" skipped="0">
  <testcase classname="Project.HomeStays" name="testBus" time="37.514"/>
</testsuite> <!-- Project.HomeStays -->
