<?xml version="1.0" encoding="UTF-8"?>
<!-- Generated by org.testng.reporters.JUnitReportReporter -->
<testsuite hostname="IBM-5F0MH24" failures="0" tests="1" name="Project.HolidayAndPackages" time="75.295" errors="0" timestamp="2024-07-24T09:55:52 IST" skipped="0">
  <testcase classname="Project.HolidayAndPackages" name="Holdiday_And_Packages" time="75.295"/>
</testsuite> <!-- Project.HolidayAndPackages -->
