<?xml version="1.0" encoding="UTF-8"?>
<!-- Generated by org.testng.reporters.JUnitReportReporter -->
<testsuite hostname="IBM-5F0MH24" failures="0" tests="1" name="Project.Cabs" time="63.743" errors="0" timestamp="2024-07-24T10:01:51 IST" skipped="0">
  <testcase classname="Project.Cabs" name="testCase2" time="63.743"/>
</testsuite> <!-- Project.Cabs -->
