<?xml version="1.0" encoding="UTF-8"?>
<!-- Generated by org.testng.reporters.JUnitReportReporter -->
<testsuite hostname="IBM-5F0MH24" failures="0" tests="1" name="Project.Test_3" time="119.514" errors="0" timestamp="2024-07-25T18:55:50 IST" skipped="0">
  <testcase classname="Project.Test_3" name="Test_Shivam" time="119.514"/>
</testsuite> <!-- Project.Test_3 -->
