<?xml version="1.0" encoding="UTF-8"?>
<!-- Generated by org.testng.reporters.JUnitReportReporter -->
<testsuite hostname="IBM-5F0MH24" failures="0" tests="1" name="Project.TC_1" time="49.958" errors="0" timestamp="2024-07-26T14:47:06 IST" skipped="0">
  <testcase classname="Project.TC_1" name="Isha_Test" time="49.958"/>
</testsuite> <!-- Project.TC_1 -->
