<?xml version="1.0" encoding="UTF-8"?>
<!-- Generated by org.testng.reporters.JUnitReportReporter -->
<testsuite hostname="IBM-5F0MH24" failures="0" tests="1" name="Project.Test_5" time="36.096" errors="0" timestamp="2024-07-25T18:55:50 IST" skipped="0">
  <testcase classname="Project.Test_5" name="Bus_Mohit" time="36.096"/>
</testsuite> <!-- Project.Test_5 -->
