<?xml version="1.0" encoding="UTF-8"?>
<!-- Generated by org.testng.reporters.JUnitReportReporter -->
<testsuite hostname="IBM-5F0MH24" failures="0" tests="1" name="Project.Test_4" time="18.678" errors="0" timestamp="2024-07-25T18:55:50 IST" skipped="0">
  <testcase classname="Project.Test_4" name="Test_Rijul" time="18.678"/>
</testsuite> <!-- Project.Test_4 -->
