<?xml version="1.0" encoding="UTF-8"?>
<!-- Generated by org.testng.reporters.JUnitReportReporter -->
<testsuite hostname="IBM-5F0MH24" failures="0" tests="1" name="Project.Test_3" time="175.395" errors="0" timestamp="2024-07-26T14:47:06 IST" skipped="0">
  <testcase classname="Project.Test_3" name="Test_Shivam" time="175.395"/>
</testsuite> <!-- Project.Test_3 -->
